<?xml version="1.0" encoding="UTF-8"?>
<testsuite xmlns:xsi="http://www.w3.org/2001/XMLSchema-instance" xsi:noNamespaceSchemaLocation="https://maven.apache.org/surefire/maven-surefire-plugin/xsd/surefire-test-report-3.0.xsd" version="3.0" name="org.fingerprintresearch.sourceafis.v2.SourceAfisV2EngineTest" time="0.925" tests="6" errors="0" skipped="0" failures="0">
  <properties>
[...]
</properties>
  <testcase name="extractsTemplatesAndReturnsRawPairwiseScoreOnly" classname="org.fingerprintresearch.sourceafis.v2.SourceAfisV2EngineTest" time="0.716">
    <system-err><![CDATA[SLF4J: No SLF4J providers were found.
SLF4J: Defaulting to no-operation (NOP) logger implementation
SLF4J: See https://www.slf4j.org/codes.html#noProviders for further details.
]]></system-err>
  </testcase>
  <testcase name="healthReportsOfficialJavaRuntimeAndPinnedBuildVersion" classname="org.fingerprintresearch.sourceafis.v2.SourceAfisV2EngineTest" time="0.0"/>
  <testcase name="invalidBase64ReturnsStructuredError" classname="org.fingerprintresearch.sourceafis.v2.SourceAfisV2EngineTest" time="0.01"/>
  <testcase name="dpiIsRequiredAndAffectsExtraction" classname="org.fingerprintresearch.sourceafis.v2.SourceAfisV2EngineTest" time="0.128"/>
  <testcase name="sidecarBindingIsRestrictedToExplicitLoopbackHosts" classname="org.fingerprintresearch.sourceafis.v2.SourceAfisV2EngineTest" time="0.028"/>
  <testcase name="invalidDpiAndInvalidTemplatesFailExplicitly" classname="org.fingerprintresearch.sourceafis.v2.SourceAfisV2EngineTest" time="0.012"/>
</testsuite>